<?xml version="1.0" encoding="utf-8"?><testsuites name="pytest tests"><testsuite name="pytest" errors="0" failures="0" skipped="0" tests="18" time="2.734" timestamp="2026-04-28T19:53:07.212828+00:00" hostname="agent-env-8c483625-0eb3-4a29-80a6-d591fdc57933"><testcase classname="tests.test_api_endpoints.TestGatesAPI" name="test_gates_endpoint_returns_200" time="0.257" /><testcase classname="tests.test_api_endpoints.TestGatesAPI" name="test_gates_returns_25_gates" time="0.141" /><testcase classname="tests.test_api_endpoints.TestGatesAPI" name="test_gates_have_required_fields" time="0.166" /><testcase classname="tests.test_api_endpoints.TestGatesAPI" name="test_gates_no_mongodb_id" time="0.151" /><testcase classname="tests.test_api_endpoints.TestGatesAPI" name="test_gates_side_values" time="0.120" /><testcase classname="tests.test_api_endpoints.TestAmenitiesAPI" name="test_amenities_endpoint_returns_200" time="0.123" /><testcase classname="tests.test_api_endpoints.TestAmenitiesAPI" name="test_amenities_returns_20_items" time="0.171" /><testcase classname="tests.test_api_endpoints.TestAmenitiesAPI" name="test_amenities_have_required_fields" time="0.116" /><testcase classname="tests.test_api_endpoints.TestAmenitiesAPI" name="test_amenities_no_mongodb_id" time="0.116" /><testcase classname="tests.test_api_endpoints.TestAmenitiesAPI" name="test_amenities_filter_restaurant" time="0.122" /><testcase classname="tests.test_api_endpoints.TestAmenitiesAPI" name="test_amenities_filter_grocery" time="0.169" /><testcase classname="tests.test_api_endpoints.TestAmenitiesAPI" name="test_amenities_filter_bus_stop" time="0.170" /><testcase classname="tests.test_api_endpoints.TestAmenitiesAPI" name="test_amenities_filter_taxi_stand" time="0.113" /><testcase classname="tests.test_api_endpoints.TestAmenitiesAPI" name="test_amenities_filter_meqat" time="0.155" /><testcase classname="tests.test_api_endpoints.TestSyncStatusAPI" name="test_sync_status_returns_200" time="0.166" /><testcase classname="tests.test_api_endpoints.TestSyncStatusAPI" name="test_sync_status_has_required_fields" time="0.124" /><testcase classname="tests.test_api_endpoints.TestSyncStatusAPI" name="test_sync_status_counts_match" time="0.145" /><testcase classname="tests.test_api_endpoints.TestSyncStatusAPI" name="test_sync_status_timestamp_valid" time="0.116" /></testsuite></testsuites>