<?xml version="1.0" encoding="utf-8"?><testsuites name="pytest tests"><testsuite name="pytest" errors="0" failures="0" skipped="0" tests="14" time="2.152" timestamp="2026-04-28T20:06:17.582898+00:00" hostname="agent-env-8c483625-0eb3-4a29-80a6-d591fdc57933"><testcase classname="tests.test_density_features.TestDensityAPI" name="test_density_endpoint_returns_200" time="0.249" /><testcase classname="tests.test_density_features.TestDensityAPI" name="test_density_returns_all_gates" time="0.171" /><testcase classname="tests.test_density_features.TestDensityAPI" name="test_density_has_required_fields" time="0.120" /><testcase classname="tests.test_density_features.TestDensityAPI" name="test_density_level_calculations" time="0.166" /><testcase classname="tests.test_density_features.TestDensityAPI" name="test_density_percentage_range" time="0.107" /><testcase classname="tests.test_density_features.TestDensityAPI" name="test_density_valid_levels" time="0.170" /><testcase classname="tests.test_density_features.TestRecommendationAPI" name="test_recommend_endpoint_returns_200" time="0.119" /><testcase classname="tests.test_density_features.TestRecommendationAPI" name="test_recommend_has_required_fields" time="0.115" /><testcase classname="tests.test_density_features.TestRecommendationAPI" name="test_recommend_gate_structure" time="0.186" /><testcase classname="tests.test_density_features.TestRecommendationAPI" name="test_recommend_all_ranked_list" time="0.138" /><testcase classname="tests.test_density_features.TestRecommendationAPI" name="test_recommend_without_location" time="0.111" /><testcase classname="tests.test_density_features.TestRecommendationAPI" name="test_recommend_density_included" time="0.114" /><testcase classname="tests.test_density_features.TestRecommendationAPI" name="test_recommend_distance_calculated" time="0.166" /><testcase classname="tests.test_density_features.TestRecommendationAPI" name="test_recommend_score_calculated" time="0.115" /></testsuite></testsuites>